{"/workspace/src/app.controller.ts": {"path":"/workspace/src/app.controller.ts","statementMap":{"0":{"start":{"line":1,"column":0},"end":{"line":1,"column":49}},"1":{"start":{"line":2,"column":0},"end":{"line":2,"column":69}},"2":{"start":{"line":6,"column":7},"end":{"line":28,"column":null}},"3":{"start":{"line":11,"column":4},"end":{"line":15,"column":6}},"4":{"start":{"line":22,"column":4},"end":{"line":26,"column":6}},"5":{"start":{"line":6,"column":13},"end":{"line":6,"column":26}},"6":{"start":{"line":10,"column":2},"end":{"line":16,"column":null}},"7":{"start":{"line":21,"column":2},"end":{"line":27,"column":null}},"8":{"start":{"line":6,"column":13},"end":{"line":28,"column":null}}},"fnMap":{"0":{"name":"(anonymous_2)","decl":{"start":{"line":10,"column":2},"end":{"line":10,"column":11}},"loc":{"start":{"line":10,"column":11},"end":{"line":16,"column":3}}},"1":{"name":"(anonymous_3)","decl":{"start":{"line":21,"column":2},"end":{"line":21,"column":9}},"loc":{"start":{"line":21,"column":9},"end":{"line":27,"column":3}}}},"branchMap":{},"s":{"0":0,"1":0,"2":0,"3":0,"4":0,"5":0,"6":0,"7":0,"8":0},"f":{"0":0,"1":0},"b":{}}
,"/workspace/src/app.module.ts": {"path":"/workspace/src/app.module.ts","statementMap":{"0":{"start":{"line":1,"column":0},"end":{"line":1,"column":40}},"1":{"start":{"line":2,"column":0},"end":{"line":2,"column":46}},"2":{"start":{"line":3,"column":0},"end":{"line":3,"column":42}},"3":{"start":{"line":4,"column":0},"end":{"line":4,"column":48}},"4":{"start":{"line":5,"column":0},"end":{"line":5,"column":75}},"5":{"start":{"line":6,"column":0},"end":{"line":6,"column":54}},"6":{"start":{"line":7,"column":0},"end":{"line":7,"column":78}},"7":{"start":{"line":8,"column":0},"end":{"line":8,"column":49}},"8":{"start":{"line":9,"column":0},"end":{"line":9,"column":59}},"9":{"start":{"line":26,"column":7},"end":{"line":26,"column":null}},"10":{"start":{"line":26,"column":13},"end":{"line":26,"column":22}},"11":{"start":{"line":26,"column":13},"end":{"line":26,"column":null}},"12":{"start":{"line":15,"column":28},"end":{"line":15,"column":51}}},"fnMap":{"0":{"name":"(anonymous_1)","decl":{"start":{"line":15,"column":16},"end":{"line":15,"column":17}},"loc":{"start":{"line":15,"column":28},"end":{"line":15,"column":51}}}},"branchMap":{},"s":{"0":0,"1":0,"2":0,"3":0,"4":0,"5":0,"6":0,"7":0,"8":0,"9":0,"10":0,"11":0,"12":0},"f":{"0":0},"b":{}}
,"/workspace/src/main.ts": {"path":"/workspace/src/main.ts","statementMap":{"0":{"start":{"line":1,"column":0},"end":{"line":1,"column":43}},"1":{"start":{"line":2,"column":0},"end":{"line":2,"column":48}},"2":{"start":{"line":3,"column":0},"end":{"line":3,"column":65}},"3":{"start":{"line":4,"column":0},"end":{"line":4,"column":41}},"4":{"start":{"line":5,"column":0},"end":{"line":5,"column":77}},"5":{"start":{"line":6,"column":0},"end":{"line":6,"column":79}},"6":{"start":{"line":7,"column":0},"end":{"line":7,"column":65}},"7":{"start":{"line":10,"column":14},"end":{"line":10,"column":49}},"8":{"start":{"line":13,"column":17},"end":{"line":13,"column":39}},"9":{"start":{"line":16,"column":2},"end":{"line":23,"column":6}},"10":{"start":{"line":26,"column":2},"end":{"line":26,"column":56}},"11":{"start":{"line":29,"column":2},"end":{"line":29,"column":60}},"12":{"start":{"line":32,"column":17},"end":{"line":49,"column":12}},"13":{"start":{"line":51,"column":19},"end":{"line":51,"column":60}},"14":{"start":{"line":52,"column":2},"end":{"line":56,"column":5}},"15":{"start":{"line":59,"column":2},"end":{"line":62,"column":5}},"16":{"start":{"line":64,"column":15},"end":{"line":64,"column":39}},"17":{"start":{"line":65,"column":2},"end":{"line":65,"column":25}},"18":{"start":{"line":67,"column":2},"end":{"line":67,"column":72}},"19":{"start":{"line":68,"column":2},"end":{"line":68,"column":77}},"20":{"start":{"line":71,"column":0},"end":{"line":71,"column":12}}},"fnMap":{"0":{"name":"bootstrap","decl":{"start":{"line":9,"column":15},"end":{"line":9,"column":24}},"loc":{"start":{"line":9,"column":24},"end":{"line":69,"column":1}}}},"branchMap":{"0":{"loc":{"start":{"line":60,"column":12},"end":{"line":60,"column":80}},"type":"binary-expr","locations":[{"start":{"line":60,"column":12},"end":{"line":60,"column":51}},{"start":{"line":60,"column":55},"end":{"line":60,"column":80}}]},"1":{"loc":{"start":{"line":64,"column":15},"end":{"line":64,"column":39}},"type":"binary-expr","locations":[{"start":{"line":64,"column":15},"end":{"line":64,"column":31}},{"start":{"line":64,"column":35},"end":{"line":64,"column":39}}]}},"s":{"0":0,"1":0,"2":0,"3":0,"4":0,"5":0,"6":0,"7":0,"8":0,"9":0,"10":0,"11":0,"12":0,"13":0,"14":0,"15":0,"16":0,"17":0,"18":0,"19":0,"20":0},"f":{"0":0},"b":{"0":[0,0],"1":[0,0]}}
,"/workspace/src/common/common.module.ts": {"path":"/workspace/src/common/common.module.ts","statementMap":{"0":{"start":{"line":1,"column":0},"end":{"line":1,"column":48}},"1":{"start":{"line":2,"column":0},"end":{"line":2,"column":40}},"2":{"start":{"line":3,"column":0},"end":{"line":3,"column":47}},"3":{"start":{"line":4,"column":0},"end":{"line":4,"column":58}},"4":{"start":{"line":5,"column":0},"end":{"line":5,"column":58}},"5":{"start":{"line":6,"column":0},"end":{"line":6,"column":55}},"6":{"start":{"line":7,"column":0},"end":{"line":7,"column":52}},"7":{"start":{"line":37,"column":7},"end":{"line":37,"column":null}},"8":{"start":{"line":37,"column":13},"end":{"line":37,"column":25}},"9":{"start":{"line":37,"column":13},"end":{"line":37,"column":null}},"10":{"start":{"line":16,"column":53},"end":{"line":19,"column":8}}},"fnMap":{"0":{"name":"(anonymous_1)","decl":{"start":{"line":16,"column":18},"end":{"line":16,"column":19}},"loc":{"start":{"line":16,"column":53},"end":{"line":19,"column":8}}}},"branchMap":{},"s":{"0":0,"1":0,"2":0,"3":0,"4":0,"5":0,"6":0,"7":0,"8":0,"9":0,"10":0},"f":{"0":0},"b":{}}
,"/workspace/src/common/cqrs/shared-cqrs.module.ts": {"path":"/workspace/src/common/cqrs/shared-cqrs.module.ts","statementMap":{"0":{"start":{"line":1,"column":0},"end":{"line":1,"column":40}},"1":{"start":{"line":2,"column":0},"end":{"line":2,"column":42}},"2":{"start":{"line":8,"column":7},"end":{"line":8,"column":null}},"3":{"start":{"line":8,"column":13},"end":{"line":8,"column":29}},"4":{"start":{"line":8,"column":13},"end":{"line":8,"column":null}}},"fnMap":{},"branchMap":{},"s":{"0":0,"1":0,"2":0,"3":0,"4":0},"f":{},"b":{}}
,"/workspace/src/common/decorators/current-tenant.decorator.ts": {"path":"/workspace/src/common/decorators/current-tenant.decorator.ts","statementMap":{"0":{"start":{"line":1,"column":0},"end":{"line":1,"column":72}},"1":{"start":{"line":11,"column":13},"end":{"line":16,"column":2}},"2":{"start":{"line":13,"column":20},"end":{"line":13,"column":51}},"3":{"start":{"line":14,"column":4},"end":{"line":14,"column":54}}},"fnMap":{"0":{"name":"(anonymous_0)","decl":{"start":{"line":12,"column":2},"end":{"line":12,"column":3}},"loc":{"start":{"line":12,"column":51},"end":{"line":15,"column":3}}}},"branchMap":{"0":{"loc":{"start":{"line":14,"column":11},"end":{"line":14,"column":53}},"type":"binary-expr","locations":[{"start":{"line":14,"column":11},"end":{"line":14,"column":27}},{"start":{"line":14,"column":31},"end":{"line":14,"column":53}}]}},"s":{"0":0,"1":0,"2":0,"3":0},"f":{"0":0},"b":{"0":[0,0]}}
,"/workspace/src/common/decorators/current-user.decorator.ts": {"path":"/workspace/src/common/decorators/current-user.decorator.ts","statementMap":{"0":{"start":{"line":1,"column":0},"end":{"line":1,"column":72}},"1":{"start":{"line":12,"column":13},"end":{"line":19,"column":2}},"2":{"start":{"line":14,"column":20},"end":{"line":14,"column":51}},"3":{"start":{"line":15,"column":17},"end":{"line":15,"column":29}},"4":{"start":{"line":17,"column":4},"end":{"line":17,"column":38}}},"fnMap":{"0":{"name":"(anonymous_0)","decl":{"start":{"line":13,"column":2},"end":{"line":13,"column":3}},"loc":{"start":{"line":13,"column":82},"end":{"line":18,"column":3}}}},"branchMap":{"0":{"loc":{"start":{"line":17,"column":11},"end":{"line":17,"column":37}},"type":"cond-expr","locations":[{"start":{"line":17,"column":18},"end":{"line":17,"column":30}},{"start":{"line":17,"column":33},"end":{"line":17,"column":37}}]}},"s":{"0":0,"1":0,"2":0,"3":0,"4":0},"f":{"0":0},"b":{"0":[0,0]}}
,"/workspace/src/common/decorators/public.decorator.ts": {"path":"/workspace/src/common/decorators/public.decorator.ts","statementMap":{"0":{"start":{"line":1,"column":0},"end":{"line":1,"column":45}},"1":{"start":{"line":3,"column":13},"end":{"line":3,"column":40}},"2":{"start":{"line":12,"column":22},"end":{"line":12,"column":60}},"3":{"start":{"line":12,"column":28},"end":{"line":12,"column":60}},"4":{"start":{"line":12,"column":13},"end":{"line":12,"column":22}}},"fnMap":{"0":{"name":"(anonymous_0)","decl":{"start":{"line":12,"column":22},"end":{"line":12,"column":25}},"loc":{"start":{"line":12,"column":28},"end":{"line":12,"column":60}}}},"branchMap":{},"s":{"0":1,"1":1,"2":1,"3":0,"4":1},"f":{"0":0},"b":{}}
,"/workspace/src/common/decorators/roles.decorator.ts": {"path":"/workspace/src/common/decorators/roles.decorator.ts","statementMap":{"0":{"start":{"line":1,"column":0},"end":{"line":1,"column":45}},"1":{"start":{"line":3,"column":13},"end":{"line":3,"column":33}},"2":{"start":{"line":13,"column":21},"end":{"line":13,"column":74}},"3":{"start":{"line":13,"column":45},"end":{"line":13,"column":74}},"4":{"start":{"line":13,"column":13},"end":{"line":13,"column":21}}},"fnMap":{"0":{"name":"(anonymous_0)","decl":{"start":{"line":13,"column":21},"end":{"line":13,"column":22}},"loc":{"start":{"line":13,"column":45},"end":{"line":13,"column":74}}}},"branchMap":{},"s":{"0":0,"1":0,"2":0,"3":0,"4":0},"f":{"0":0},"b":{}}
,"/workspace/src/common/filters/all-exceptions.filter.ts": {"path":"/workspace/src/common/filters/all-exceptions.filter.ts","statementMap":{"0":{"start":{"line":1,"column":0},"end":{"line":1,"column":null}},"1":{"start":{"line":9,"column":0},"end":{"line":9,"column":59}},"2":{"start":{"line":12,"column":7},"end":{"line":54,"column":null}},"3":{"start":{"line":13,"column":31},"end":{"line":13,"column":39}},"4":{"start":{"line":16,"column":16},"end":{"line":16,"column":35}},"5":{"start":{"line":17,"column":21},"end":{"line":17,"column":48}},"6":{"start":{"line":18,"column":20},"end":{"line":18,"column":45}},"7":{"start":{"line":20,"column":19},"end":{"line":22,"column":40}},"8":{"start":{"line":24,"column":20},"end":{"line":26,"column":31}},"9":{"start":{"line":28,"column":26},"end":{"line":37,"column":6}},"10":{"start":{"line":40,"column":4},"end":{"line":50,"column":6}},"11":{"start":{"line":52,"column":4},"end":{"line":52,"column":48}},"12":{"start":{"line":12,"column":13},"end":{"line":12,"column":32}},"13":{"start":{"line":12,"column":13},"end":{"line":54,"column":null}}},"fnMap":{"0":{"name":"(anonymous_2)","decl":{"start":{"line":13,"column":2},"end":{"line":13,"column":31}},"loc":{"start":{"line":13,"column":52},"end":{"line":13,"column":56}}},"1":{"name":"(anonymous_3)","decl":{"start":{"line":15,"column":2},"end":{"line":15,"column":7}},"loc":{"start":{"line":15,"column":47},"end":{"line":53,"column":3}}}},"branchMap":{"0":{"loc":{"start":{"line":20,"column":19},"end":{"line":22,"column":40}},"type":"cond-expr","locations":[{"start":{"line":21,"column":8},"end":{"line":21,"column":29}},{"start":{"line":22,"column":8},"end":{"line":22,"column":40}}]},"1":{"loc":{"start":{"line":24,"column":20},"end":{"line":26,"column":31}},"type":"cond-expr","locations":[{"start":{"line":25,"column":8},"end":{"line":25,"column":25}},{"start":{"line":26,"column":8},"end":{"line":26,"column":31}}]},"2":{"loc":{"start":{"line":34,"column":10},"end":{"line":36,"column":8}},"type":"binary-expr","locations":[{"start":{"line":34,"column":10},"end":{"line":34,"column":48}},{"start":{"line":34,"column":52},"end":{"line":36,"column":8}}]},"3":{"loc":{"start":{"line":35,"column":15},"end":{"line":35,"column":71}},"type":"cond-expr","locations":[{"start":{"line":35,"column":44},"end":{"line":35,"column":59}},{"start":{"line":35,"column":62},"end":{"line":35,"column":71}}]},"4":{"loc":{"start":{"line":42,"column":6},"end":{"line":42,"column":62}},"type":"cond-expr","locations":[{"start":{"line":42,"column":35},"end":{"line":42,"column":50}},{"start":{"line":42,"column":53},"end":{"line":42,"column":62}}]}},"s":{"0":0,"1":0,"2":0,"3":0,"4":0,"5":0,"6":0,"7":0,"8":0,"9":0,"10":0,"11":0,"12":0,"13":0},"f":{"0":0,"1":0},"b":{"0":[0,0],"1":[0,0],"2":[0,0],"3":[0,0],"4":[0,0]}}
,"/workspace/src/common/filters/http-exception.filter.ts": {"path":"/workspace/src/common/filters/http-exception.filter.ts","statementMap":{"0":{"start":{"line":1,"column":0},"end":{"line":1,"column":86}},"1":{"start":{"line":5,"column":7},"end":{"line":17,"column":null}},"2":{"start":{"line":7,"column":16},"end":{"line":7,"column":35}},"3":{"start":{"line":8,"column":16},"end":{"line":8,"column":43}},"4":{"start":{"line":9,"column":19},"end":{"line":9,"column":83}},"5":{"start":{"line":11,"column":4},"end":{"line":15,"column":7}},"6":{"start":{"line":5,"column":13},"end":{"line":5,"column":32}},"7":{"start":{"line":5,"column":13},"end":{"line":17,"column":null}}},"fnMap":{"0":{"name":"(anonymous_1)","decl":{"start":{"line":6,"column":2},"end":{"line":6,"column":7}},"loc":{"start":{"line":6,"column":47},"end":{"line":16,"column":3}}}},"branchMap":{"0":{"loc":{"start":{"line":9,"column":19},"end":{"line":9,"column":83}},"type":"cond-expr","locations":[{"start":{"line":9,"column":56},"end":{"line":9,"column":77}},{"start":{"line":9,"column":80},"end":{"line":9,"column":83}}]},"1":{"loc":{"start":{"line":12,"column":16},"end":{"line":12,"column":63}},"type":"binary-expr","locations":[{"start":{"line":12,"column":16},"end":{"line":12,"column":41}},{"start":{"line":12,"column":45},"end":{"line":12,"column":63}}]}},"s":{"0":0,"1":0,"2":0,"3":0,"4":0,"5":0,"6":0,"7":0},"f":{"0":0},"b":{"0":[0,0],"1":[0,0]}}
,"/workspace/src/common/guards/jwt-auth.guard.ts": {"path":"/workspace/src/common/guards/jwt-auth.guard.ts","statementMap":{"0":{"start":{"line":1,"column":0},"end":{"line":1,"column":98}},"1":{"start":{"line":2,"column":0},"end":{"line":2,"column":41}},"2":{"start":{"line":3,"column":0},"end":{"line":3,"column":41}},"3":{"start":{"line":5,"column":0},"end":{"line":5,"column":63}},"4":{"start":{"line":6,"column":0},"end":{"line":6,"column":59}},"5":{"start":{"line":18,"column":7},"end":{"line":70,"column":null}},"6":{"start":{"line":20,"column":12},"end":{"line":20,"column":24}},"7":{"start":{"line":21,"column":12},"end":{"line":21,"column":23}},"8":{"start":{"line":22,"column":12},"end":{"line":22,"column":20}},"9":{"start":{"line":27,"column":21},"end":{"line":30,"column":6}},"10":{"start":{"line":32,"column":4},"end":{"line":34,"column":5}},"11":{"start":{"line":33,"column":6},"end":{"line":33,"column":18}},"12":{"start":{"line":36,"column":20},"end":{"line":36,"column":64}},"13":{"start":{"line":37,"column":18},"end":{"line":37,"column":54}},"14":{"start":{"line":39,"column":4},"end":{"line":42,"column":5}},"15":{"start":{"line":40,"column":6},"end":{"line":40,"column":71}},"16":{"start":{"line":41,"column":6},"end":{"line":41,"column":66}},"17":{"start":{"line":44,"column":4},"end":{"line":63,"column":5}},"18":{"start":{"line":45,"column":22},"end":{"line":45,"column":74}},"19":{"start":{"line":48,"column":7},"end":{"line":48,"column":38}},"20":{"start":{"line":50,"column":6},"end":{"line":54,"column":9}},"21":{"start":{"line":56,"column":6},"end":{"line":56,"column":18}},"22":{"start":{"line":58,"column":6},"end":{"line":61,"column":9}},"23":{"start":{"line":62,"column":6},"end":{"line":62,"column":73}},"24":{"start":{"line":67,"column":26},"end":{"line":67,"column":73}},"25":{"start":{"line":68,"column":4},"end":{"line":68,"column":49}},"26":{"start":{"line":18,"column":13},"end":{"line":18,"column":25}},"27":{"start":{"line":18,"column":13},"end":{"line":70,"column":null}}},"fnMap":{"0":{"name":"(anonymous_2)","decl":{"start":{"line":19,"column":2},"end":{"line":19,"column":null}},"loc":{"start":{"line":22,"column":33},"end":{"line":23,"column":6}}},"1":{"name":"(anonymous_3)","decl":{"start":{"line":25,"column":2},"end":{"line":25,"column":7}},"loc":{"start":{"line":25,"column":45},"end":{"line":64,"column":3}}},"2":{"name":"(anonymous_4)","decl":{"start":{"line":66,"column":10},"end":{"line":66,"column":32}},"loc":{"start":{"line":66,"column":49},"end":{"line":69,"column":3}}}},"branchMap":{"0":{"loc":{"start":{"line":32,"column":4},"end":{"line":34,"column":5}},"type":"if","locations":[{"start":{"line":32,"column":4},"end":{"line":34,"column":5}}]},"1":{"loc":{"start":{"line":39,"column":4},"end":{"line":42,"column":5}},"type":"if","locations":[{"start":{"line":39,"column":4},"end":{"line":42,"column":5}}]},"2":{"loc":{"start":{"line":67,"column":26},"end":{"line":67,"column":73}},"type":"binary-expr","locations":[{"start":{"line":67,"column":26},"end":{"line":67,"column":67}},{"start":{"line":67,"column":71},"end":{"line":67,"column":73}}]},"3":{"loc":{"start":{"line":68,"column":11},"end":{"line":68,"column":48}},"type":"cond-expr","locations":[{"start":{"line":68,"column":31},"end":{"line":68,"column":36}},{"start":{"line":68,"column":39},"end":{"line":68,"column":48}}]}},"s":{"0":1,"1":1,"2":1,"3":1,"4":1,"5":1,"6":6,"7":6,"8":6,"9":9,"10":9,"11":1,"12":8,"13":8,"14":8,"15":4,"16":4,"17":4,"18":4,"19":2,"20":2,"21":2,"22":2,"23":2,"24":8,"25":8,"26":1,"27":1},"f":{"0":6,"1":9,"2":8},"b":{"0":[1],"1":[4],"2":[8,2],"3":[4,4]}}
,"/workspace/src/common/guards/tenant.guard.ts": {"path":"/workspace/src/common/guards/tenant.guard.ts","statementMap":{"0":{"start":{"line":1,"column":0},"end":{"line":1,"column":95}},"1":{"start":{"line":2,"column":0},"end":{"line":2,"column":41}},"2":{"start":{"line":3,"column":0},"end":{"line":3,"column":59}},"3":{"start":{"line":4,"column":0},"end":{"line":4,"column":59}},"4":{"start":{"line":5,"column":0},"end":{"line":5,"column":63}},"5":{"start":{"line":8,"column":7},"end":{"line":57,"column":null}},"6":{"start":{"line":10,"column":12},"end":{"line":10,"column":27}},"7":{"start":{"line":11,"column":12},"end":{"line":11,"column":23}},"8":{"start":{"line":12,"column":12},"end":{"line":12,"column":20}},"9":{"start":{"line":17,"column":21},"end":{"line":20,"column":6}},"10":{"start":{"line":22,"column":4},"end":{"line":24,"column":5}},"11":{"start":{"line":23,"column":6},"end":{"line":23,"column":18}},"12":{"start":{"line":26,"column":20},"end":{"line":26,"column":55}},"13":{"start":{"line":29,"column":21},"end":{"line":29,"column":73}},"14":{"start":{"line":31,"column":4},"end":{"line":34,"column":5}},"15":{"start":{"line":32,"column":6},"end":{"line":32,"column":79}},"16":{"start":{"line":33,"column":6},"end":{"line":33,"column":60}},"17":{"start":{"line":37,"column":26},"end":{"line":37,"column":75}},"18":{"start":{"line":39,"column":4},"end":{"line":45,"column":5}},"19":{"start":{"line":40,"column":6},"end":{"line":43,"column":9}},"20":{"start":{"line":44,"column":6},"end":{"line":44,"column":65}},"21":{"start":{"line":48,"column":4},"end":{"line":48,"column":32}},"22":{"start":{"line":50,"column":4},"end":{"line":53,"column":7}},"23":{"start":{"line":55,"column":4},"end":{"line":55,"column":16}},"24":{"start":{"line":8,"column":13},"end":{"line":8,"column":24}},"25":{"start":{"line":8,"column":13},"end":{"line":57,"column":null}}},"fnMap":{"0":{"name":"(anonymous_2)","decl":{"start":{"line":9,"column":2},"end":{"line":9,"column":null}},"loc":{"start":{"line":12,"column":33},"end":{"line":13,"column":6}}},"1":{"name":"(anonymous_3)","decl":{"start":{"line":15,"column":2},"end":{"line":15,"column":7}},"loc":{"start":{"line":15,"column":45},"end":{"line":56,"column":3}}}},"branchMap":{"0":{"loc":{"start":{"line":22,"column":4},"end":{"line":24,"column":5}},"type":"if","locations":[{"start":{"line":22,"column":4},"end":{"line":24,"column":5}}]},"1":{"loc":{"start":{"line":31,"column":4},"end":{"line":34,"column":5}},"type":"if","locations":[{"start":{"line":31,"column":4},"end":{"line":34,"column":5}}]},"2":{"loc":{"start":{"line":39,"column":4},"end":{"line":45,"column":5}},"type":"if","locations":[{"start":{"line":39,"column":4},"end":{"line":45,"column":5}}]}},"s":{"0":0,"1":0,"2":0,"3":0,"4":0,"5":0,"6":0,"7":0,"8":0,"9":0,"10":0,"11":0,"12":0,"13":0,"14":0,"15":0,"16":0,"17":0,"18":0,"19":0,"20":0,"21":0,"22":0,"23":0,"24":0,"25":0},"f":{"0":0,"1":0},"b":{"0":[0],"1":[0],"2":[0]}}
,"/workspace/src/common/interceptors/logging.interceptor.ts": {"path":"/workspace/src/common/interceptors/logging.interceptor.ts","statementMap":{"0":{"start":{"line":1,"column":0},"end":{"line":1,"column":null}},"1":{"start":{"line":8,"column":0},"end":{"line":8,"column":37}},"2":{"start":{"line":10,"column":0},"end":{"line":10,"column":59}},"3":{"start":{"line":13,"column":7},"end":{"line":49,"column":null}},"4":{"start":{"line":14,"column":31},"end":{"line":14,"column":39}},"5":{"start":{"line":17,"column":20},"end":{"line":17,"column":64}},"6":{"start":{"line":18,"column":28},"end":{"line":18,"column":35}},"7":{"start":{"line":19,"column":22},"end":{"line":19,"column":32}},"8":{"start":{"line":21,"column":24},"end":{"line":25,"column":6}},"9":{"start":{"line":27,"column":4},"end":{"line":27,"column":71}},"10":{"start":{"line":29,"column":4},"end":{"line":47,"column":6}},"11":{"start":{"line":32,"column":27},"end":{"line":32,"column":49}},"12":{"start":{"line":33,"column":10},"end":{"line":36,"column":12}},"13":{"start":{"line":39,"column":27},"end":{"line":39,"column":49}},"14":{"start":{"line":40,"column":10},"end":{"line":44,"column":12}},"15":{"start":{"line":13,"column":13},"end":{"line":13,"column":31}},"16":{"start":{"line":13,"column":13},"end":{"line":49,"column":null}}},"fnMap":{"0":{"name":"(anonymous_2)","decl":{"start":{"line":14,"column":2},"end":{"line":14,"column":31}},"loc":{"start":{"line":14,"column":52},"end":{"line":14,"column":56}}},"1":{"name":"(anonymous_3)","decl":{"start":{"line":16,"column":2},"end":{"line":16,"column":11}},"loc":{"start":{"line":16,"column":56},"end":{"line":48,"column":3}}},"2":{"name":"(anonymous_4)","decl":{"start":{"line":31,"column":14},"end":{"line":31,"column":17}},"loc":{"start":{"line":31,"column":19},"end":{"line":37,"column":9}}},"3":{"name":"(anonymous_5)","decl":{"start":{"line":38,"column":15},"end":{"line":38,"column":16}},"loc":{"start":{"line":38,"column":25},"end":{"line":45,"column":9}}}},"branchMap":{},"s":{"0":0,"1":0,"2":0,"3":0,"4":0,"5":0,"6":0,"7":0,"8":0,"9":0,"10":0,"11":0,"12":0,"13":0,"14":0,"15":0,"16":0},"f":{"0":0,"1":0,"2":0,"3":0},"b":{}}
,"/workspace/src/common/pipes/zod-validation.pipe.ts": {"path":"/workspace/src/common/pipes/zod-validation.pipe.ts","statementMap":{"0":{"start":{"line":1,"column":0},"end":{"line":1,"column":80}},"1":{"start":{"line":2,"column":0},"end":{"line":2,"column":32}},"2":{"start":{"line":5,"column":7},"end":{"line":15,"column":null}},"3":{"start":{"line":6,"column":22},"end":{"line":6,"column":30}},"4":{"start":{"line":9,"column":4},"end":{"line":13,"column":5}},"5":{"start":{"line":10,"column":6},"end":{"line":10,"column":38}},"6":{"start":{"line":12,"column":6},"end":{"line":12,"column":39}},"7":{"start":{"line":5,"column":13},"end":{"line":5,"column":30}},"8":{"start":{"line":5,"column":13},"end":{"line":15,"column":null}}},"fnMap":{"0":{"name":"(anonymous_2)","decl":{"start":{"line":6,"column":2},"end":{"line":6,"column":22}},"loc":{"start":{"line":6,"column":39},"end":{"line":6,"column":43}}},"1":{"name":"(anonymous_3)","decl":{"start":{"line":8,"column":2},"end":{"line":8,"column":11}},"loc":{"start":{"line":8,"column":26},"end":{"line":14,"column":3}}}},"branchMap":{},"s":{"0":0,"1":0,"2":0,"3":0,"4":0,"5":0,"6":0,"7":0,"8":0},"f":{"0":0,"1":0},"b":{}}
,"/workspace/src/common/services/logger.service.ts": {"path":"/workspace/src/common/services/logger.service.ts","statementMap":{"0":{"start":{"line":1,"column":0},"end":{"line":1,"column":80}},"1":{"start":{"line":11,"column":7},"end":{"line":46,"column":null}},"2":{"start":{"line":13,"column":22},"end":{"line":13,"column":46}},"3":{"start":{"line":14,"column":21},"end":{"line":19,"column":6}},"4":{"start":{"line":20,"column":4},"end":{"line":20,"column":36}},"5":{"start":{"line":24,"column":4},"end":{"line":24,"column":62}},"6":{"start":{"line":28,"column":4},"end":{"line":28,"column":79}},"7":{"start":{"line":32,"column":4},"end":{"line":32,"column":63}},"8":{"start":{"line":36,"column":4},"end":{"line":38,"column":5}},"9":{"start":{"line":37,"column":6},"end":{"line":37,"column":67}},"10":{"start":{"line":42,"column":4},"end":{"line":44,"column":5}},"11":{"start":{"line":43,"column":6},"end":{"line":43,"column":67}},"12":{"start":{"line":11,"column":13},"end":{"line":11,"column":26}},"13":{"start":{"line":11,"column":13},"end":{"line":46,"column":null}}},"fnMap":{"0":{"name":"(anonymous_1)","decl":{"start":{"line":12,"column":10},"end":{"line":12,"column":23}},"loc":{"start":{"line":12,"column":76},"end":{"line":21,"column":3}}},"1":{"name":"(anonymous_2)","decl":{"start":{"line":23,"column":2},"end":{"line":23,"column":5}},"loc":{"start":{"line":23,"column":43},"end":{"line":25,"column":3}}},"2":{"name":"(anonymous_3)","decl":{"start":{"line":27,"column":2},"end":{"line":27,"column":7}},"loc":{"start":{"line":27,"column":61},"end":{"line":29,"column":3}}},"3":{"name":"(anonymous_4)","decl":{"start":{"line":31,"column":2},"end":{"line":31,"column":6}},"loc":{"start":{"line":31,"column":44},"end":{"line":33,"column":3}}},"4":{"name":"(anonymous_5)","decl":{"start":{"line":35,"column":2},"end":{"line":35,"column":7}},"loc":{"start":{"line":35,"column":45},"end":{"line":39,"column":3}}},"5":{"name":"(anonymous_6)","decl":{"start":{"line":41,"column":2},"end":{"line":41,"column":9}},"loc":{"start":{"line":41,"column":47},"end":{"line":45,"column":3}}}},"branchMap":{"0":{"loc":{"start":{"line":18,"column":10},"end":{"line":18,"column":32}},"type":"binary-expr","locations":[{"start":{"line":18,"column":10},"end":{"line":18,"column":17}},{"start":{"line":18,"column":21},"end":{"line":18,"column":32}}]},"1":{"loc":{"start":{"line":36,"column":4},"end":{"line":38,"column":5}},"type":"if","locations":[{"start":{"line":36,"column":4},"end":{"line":38,"column":5}}]},"2":{"loc":{"start":{"line":42,"column":4},"end":{"line":44,"column":5}},"type":"if","locations":[{"start":{"line":42,"column":4},"end":{"line":44,"column":5}}]}},"s":{"0":2,"1":2,"2":6,"3":6,"4":6,"5":2,"6":2,"7":1,"8":2,"9":1,"10":0,"11":0,"12":2,"13":2},"f":{"0":6,"1":2,"2":2,"3":1,"4":2,"5":0},"b":{"0":[6,5],"1":[1],"2":[0]}}
,"/workspace/src/common/services/tenant.service.ts": {"path":"/workspace/src/common/services/tenant.service.ts","statementMap":{"0":{"start":{"line":1,"column":0},"end":{"line":1,"column":44}},"1":{"start":{"line":2,"column":0},"end":{"line":2,"column":47}},"2":{"start":{"line":14,"column":7},"end":{"line":84,"column":null}},"3":{"start":{"line":15,"column":22},"end":{"line":15,"column":37}},"4":{"start":{"line":23,"column":4},"end":{"line":32,"column":5}},"5":{"start":{"line":24,"column":6},"end":{"line":31,"column":8}},"6":{"start":{"line":33,"column":4},"end":{"line":33,"column":16}},"7":{"start":{"line":41,"column":4},"end":{"line":50,"column":5}},"8":{"start":{"line":42,"column":6},"end":{"line":49,"column":8}},"9":{"start":{"line":51,"column":4},"end":{"line":51,"column":16}},"10":{"start":{"line":59,"column":25},"end":{"line":59,"column":55}},"11":{"start":{"line":60,"column":4},"end":{"line":62,"column":5}},"12":{"start":{"line":61,"column":6},"end":{"line":61,"column":26}},"13":{"start":{"line":65,"column":17},"end":{"line":65,"column":37}},"14":{"start":{"line":66,"column":4},"end":{"line":71,"column":5}},"15":{"start":{"line":67,"column":24},"end":{"line":67,"column":42}},"16":{"start":{"line":68,"column":6},"end":{"line":70,"column":7}},"17":{"start":{"line":69,"column":8},"end":{"line":69,"column":25}},"18":{"start":{"line":74,"column":4},"end":{"line":74,"column":60}},"19":{"start":{"line":81,"column":19},"end":{"line":81,"column":53}},"20":{"start":{"line":82,"column":4},"end":{"line":82,"column":37}},"21":{"start":{"line":14,"column":13},"end":{"line":14,"column":26}},"22":{"start":{"line":14,"column":13},"end":{"line":84,"column":null}}},"fnMap":{"0":{"name":"(anonymous_2)","decl":{"start":{"line":15,"column":2},"end":{"line":15,"column":22}},"loc":{"start":{"line":15,"column":50},"end":{"line":15,"column":54}}},"1":{"name":"(anonymous_3)","decl":{"start":{"line":20,"column":2},"end":{"line":20,"column":7}},"loc":{"start":{"line":20,"column":46},"end":{"line":34,"column":3}}},"2":{"name":"(anonymous_4)","decl":{"start":{"line":39,"column":2},"end":{"line":39,"column":7}},"loc":{"start":{"line":39,"column":38},"end":{"line":52,"column":3}}},"3":{"name":"(anonymous_5)","decl":{"start":{"line":57,"column":2},"end":{"line":57,"column":26}},"loc":{"start":{"line":57,"column":39},"end":{"line":75,"column":3}}},"4":{"name":"(anonymous_6)","decl":{"start":{"line":80,"column":2},"end":{"line":80,"column":7}},"loc":{"start":{"line":80,"column":39},"end":{"line":83,"column":3}}}},"branchMap":{"0":{"loc":{"start":{"line":23,"column":4},"end":{"line":32,"column":5}},"type":"if","locations":[{"start":{"line":23,"column":4},"end":{"line":32,"column":5}}]},"1":{"loc":{"start":{"line":23,"column":8},"end":{"line":23,"column":52}},"type":"binary-expr","locations":[{"start":{"line":23,"column":8},"end":{"line":23,"column":28}},{"start":{"line":23,"column":32},"end":{"line":23,"column":52}}]},"2":{"loc":{"start":{"line":41,"column":4},"end":{"line":50,"column":5}},"type":"if","locations":[{"start":{"line":41,"column":4},"end":{"line":50,"column":5}}]},"3":{"loc":{"start":{"line":60,"column":4},"end":{"line":62,"column":5}},"type":"if","locations":[{"start":{"line":60,"column":4},"end":{"line":62,"column":5}}]},"4":{"loc":{"start":{"line":66,"column":4},"end":{"line":71,"column":5}},"type":"if","locations":[{"start":{"line":66,"column":4},"end":{"line":71,"column":5}}]},"5":{"loc":{"start":{"line":68,"column":6},"end":{"line":70,"column":7}},"type":"if","locations":[{"start":{"line":68,"column":6},"end":{"line":70,"column":7}}]},"6":{"loc":{"start":{"line":68,"column":10},"end":{"line":68,"column":65}},"type":"binary-expr","locations":[{"start":{"line":68,"column":10},"end":{"line":68,"column":19}},{"start":{"line":68,"column":23},"end":{"line":68,"column":42}},{"start":{"line":68,"column":46},"end":{"line":68,"column":65}}]},"7":{"loc":{"start":{"line":82,"column":11},"end":{"line":82,"column":36}},"type":"binary-expr","locations":[{"start":{"line":82,"column":11},"end":{"line":82,"column":27}},{"start":{"line":82,"column":31},"end":{"line":82,"column":36}}]}},"s":{"0":0,"1":0,"2":0,"3":0,"4":0,"5":0,"6":0,"7":0,"8":0,"9":0,"10":0,"11":0,"12":0,"13":0,"14":0,"15":0,"16":0,"17":0,"18":0,"19":0,"20":0,"21":0,"22":0},"f":{"0":0,"1":0,"2":0,"3":0,"4":0},"b":{"0":[0],"1":[0,0],"2":[0],"3":[0],"4":[0],"5":[0],"6":[0,0,0],"7":[0,0]}}
,"/workspace/src/config/env.schema.ts": {"path":"/workspace/src/config/env.schema.ts","statementMap":{"0":{"start":{"line":1,"column":0},"end":{"line":1,"column":24}},"1":{"start":{"line":3,"column":13},"end":{"line":16,"column":3}}},"fnMap":{},"branchMap":{},"s":{"0":0,"1":0},"f":{},"b":{}}
,"/workspace/src/infrastructure/database/database.module.ts": {"path":"/workspace/src/infrastructure/database/database.module.ts","statementMap":{"0":{"start":{"line":1,"column":0},"end":{"line":1,"column":48}},"1":{"start":{"line":2,"column":0},"end":{"line":2,"column":49}},"2":{"start":{"line":9,"column":7},"end":{"line":9,"column":null}},"3":{"start":{"line":9,"column":13},"end":{"line":9,"column":27}},"4":{"start":{"line":9,"column":13},"end":{"line":9,"column":null}}},"fnMap":{},"branchMap":{},"s":{"0":0,"1":0,"2":0,"3":0,"4":0},"f":{},"b":{}}
,"/workspace/src/infrastructure/database/prisma.service.ts": {"path":"/workspace/src/infrastructure/database/prisma.service.ts","statementMap":{"0":{"start":{"line":1,"column":0},"end":{"line":1,"column":58}},"1":{"start":{"line":2,"column":0},"end":{"line":2,"column":46}},"2":{"start":{"line":5,"column":7},"end":{"line":9,"column":null}},"3":{"start":{"line":7,"column":4},"end":{"line":7,"column":26}},"4":{"start":{"line":5,"column":13},"end":{"line":5,"column":26}},"5":{"start":{"line":5,"column":13},"end":{"line":9,"column":null}}},"fnMap":{"0":{"name":"(anonymous_1)","decl":{"start":{"line":6,"column":2},"end":{"line":6,"column":7}},"loc":{"start":{"line":6,"column":20},"end":{"line":8,"column":3}}}},"branchMap":{},"s":{"0":0,"1":0,"2":0,"3":0,"4":0,"5":0},"f":{"0":0},"b":{}}
,"/workspace/src/infrastructure/kafka/kafka.module.ts": {"path":"/workspace/src/infrastructure/kafka/kafka.module.ts","statementMap":{"0":{"start":{"line":1,"column":0},"end":{"line":1,"column":48}},"1":{"start":{"line":2,"column":0},"end":{"line":2,"column":65}},"2":{"start":{"line":3,"column":0},"end":{"line":3,"column":47}},"3":{"start":{"line":29,"column":7},"end":{"line":29,"column":null}},"4":{"start":{"line":29,"column":13},"end":{"line":29,"column":24}},"5":{"start":{"line":29,"column":13},"end":{"line":29,"column":null}},"6":{"start":{"line":11,"column":55},"end":{"line":22,"column":10}}},"fnMap":{"0":{"name":"(anonymous_1)","decl":{"start":{"line":11,"column":20},"end":{"line":11,"column":21}},"loc":{"start":{"line":11,"column":55},"end":{"line":22,"column":10}}}},"branchMap":{},"s":{"0":0,"1":0,"2":0,"3":0,"4":0,"5":0,"6":0},"f":{"0":0},"b":{}}
,"/workspace/src/infrastructure/logger/json-logger.service.ts": {"path":"/workspace/src/infrastructure/logger/json-logger.service.ts","statementMap":{"0":{"start":{"line":1,"column":0},"end":{"line":1,"column":44}},"1":{"start":{"line":4,"column":7},"end":{"line":30,"column":null}},"2":{"start":{"line":6,"column":21},"end":{"line":11,"column":6}},"3":{"start":{"line":12,"column":4},"end":{"line":12,"column":42}},"4":{"start":{"line":16,"column":4},"end":{"line":16,"column":40}},"5":{"start":{"line":20,"column":4},"end":{"line":20,"column":39}},"6":{"start":{"line":24,"column":4},"end":{"line":24,"column":39}},"7":{"start":{"line":28,"column":4},"end":{"line":28,"column":40}},"8":{"start":{"line":4,"column":13},"end":{"line":4,"column":23}},"9":{"start":{"line":4,"column":13},"end":{"line":30,"column":null}}},"fnMap":{"0":{"name":"(anonymous_1)","decl":{"start":{"line":5,"column":10},"end":{"line":5,"column":13}},"loc":{"start":{"line":5,"column":59},"end":{"line":13,"column":3}}},"1":{"name":"(anonymous_2)","decl":{"start":{"line":15,"column":2},"end":{"line":15,"column":7}},"loc":{"start":{"line":15,"column":38},"end":{"line":17,"column":3}}},"2":{"name":"(anonymous_3)","decl":{"start":{"line":19,"column":2},"end":{"line":19,"column":6}},"loc":{"start":{"line":19,"column":37},"end":{"line":21,"column":3}}},"3":{"name":"(anonymous_4)","decl":{"start":{"line":23,"column":2},"end":{"line":23,"column":6}},"loc":{"start":{"line":23,"column":37},"end":{"line":25,"column":3}}},"4":{"name":"(anonymous_5)","decl":{"start":{"line":27,"column":2},"end":{"line":27,"column":7}},"loc":{"start":{"line":27,"column":38},"end":{"line":29,"column":3}}}},"branchMap":{"0":{"loc":{"start":{"line":10,"column":10},"end":{"line":10,"column":32}},"type":"binary-expr","locations":[{"start":{"line":10,"column":10},"end":{"line":10,"column":17}},{"start":{"line":10,"column":21},"end":{"line":10,"column":32}}]}},"s":{"0":0,"1":0,"2":0,"3":0,"4":0,"5":0,"6":0,"7":0,"8":0,"9":0},"f":{"0":0,"1":0,"2":0,"3":0,"4":0},"b":{"0":[0,0]}}
,"/workspace/src/infrastructure/logger/logger.module.ts": {"path":"/workspace/src/infrastructure/logger/logger.module.ts","statementMap":{"0":{"start":{"line":1,"column":0},"end":{"line":1,"column":48}},"1":{"start":{"line":2,"column":0},"end":{"line":2,"column":51}},"2":{"start":{"line":9,"column":7},"end":{"line":9,"column":null}},"3":{"start":{"line":9,"column":13},"end":{"line":9,"column":25}},"4":{"start":{"line":9,"column":13},"end":{"line":9,"column":null}}},"fnMap":{},"branchMap":{},"s":{"0":0,"1":0,"2":0,"3":0,"4":0},"f":{},"b":{}}
,"/workspace/src/infrastructure/websocket/websocket.controller.ts": {"path":"/workspace/src/infrastructure/websocket/websocket.controller.ts","statementMap":{"0":{"start":{"line":1,"column":0},"end":{"line":1,"column":56}},"1":{"start":{"line":2,"column":0},"end":{"line":2,"column":69}},"2":{"start":{"line":3,"column":0},"end":{"line":3,"column":55}},"3":{"start":{"line":7,"column":7},"end":{"line":71,"column":null}},"4":{"start":{"line":8,"column":31},"end":{"line":8,"column":49}},"5":{"start":{"line":14,"column":29},"end":{"line":14,"column":72}},"6":{"start":{"line":16,"column":4},"end":{"line":20,"column":6}},"7":{"start":{"line":27,"column":20},"end":{"line":27,"column":63}},"8":{"start":{"line":29,"column":4},"end":{"line":33,"column":6}},"9":{"start":{"line":40,"column":20},"end":{"line":40,"column":64}},"10":{"start":{"line":42,"column":4},"end":{"line":47,"column":6}},"11":{"start":{"line":54,"column":19},"end":{"line":54,"column":52}},"12":{"start":{"line":55,"column":4},"end":{"line":61,"column":5}},"13":{"start":{"line":56,"column":6},"end":{"line":60,"column":8}},"14":{"start":{"line":63,"column":18},"end":{"line":63,"column":65}},"15":{"start":{"line":65,"column":4},"end":{"line":69,"column":6}},"16":{"start":{"line":7,"column":13},"end":{"line":7,"column":32}},"17":{"start":{"line":13,"column":2},"end":{"line":21,"column":null}},"18":{"start":{"line":26,"column":2},"end":{"line":34,"column":null}},"19":{"start":{"line":39,"column":2},"end":{"line":48,"column":null}},"20":{"start":{"line":53,"column":2},"end":{"line":70,"column":null}},"21":{"start":{"line":7,"column":13},"end":{"line":71,"column":null}}},"fnMap":{"0":{"name":"(anonymous_4)","decl":{"start":{"line":8,"column":2},"end":{"line":8,"column":31}},"loc":{"start":{"line":8,"column":65},"end":{"line":8,"column":69}}},"1":{"name":"(anonymous_5)","decl":{"start":{"line":13,"column":2},"end":{"line":13,"column":11}},"loc":{"start":{"line":13,"column":11},"end":{"line":21,"column":3}}},"2":{"name":"(anonymous_6)","decl":{"start":{"line":26,"column":2},"end":{"line":26,"column":21}},"loc":{"start":{"line":26,"column":21},"end":{"line":34,"column":3}}},"3":{"name":"(anonymous_7)","decl":{"start":{"line":39,"column":2},"end":{"line":39,"column":18}},"loc":{"start":{"line":39,"column":46},"end":{"line":48,"column":3}}},"4":{"name":"(anonymous_8)","decl":{"start":{"line":53,"column":2},"end":{"line":53,"column":16}},"loc":{"start":{"line":53,"column":16},"end":{"line":70,"column":3}}}},"branchMap":{"0":{"loc":{"start":{"line":55,"column":4},"end":{"line":61,"column":5}},"type":"if","locations":[{"start":{"line":55,"column":4},"end":{"line":61,"column":5}}]}},"s":{"0":0,"1":0,"2":0,"3":0,"4":0,"5":0,"6":0,"7":0,"8":0,"9":0,"10":0,"11":0,"12":0,"13":0,"14":0,"15":0,"16":0,"17":0,"18":0,"19":0,"20":0,"21":0},"f":{"0":0,"1":0,"2":0,"3":0,"4":0},"b":{"0":[0]}}
,"/workspace/src/infrastructure/websocket/websocket.module.ts": {"path":"/workspace/src/infrastructure/websocket/websocket.module.ts","statementMap":{"0":{"start":{"line":1,"column":0},"end":{"line":1,"column":40}},"1":{"start":{"line":2,"column":0},"end":{"line":2,"column":59}},"2":{"start":{"line":3,"column":0},"end":{"line":3,"column":55}},"3":{"start":{"line":4,"column":0},"end":{"line":4,"column":61}},"4":{"start":{"line":11,"column":7},"end":{"line":11,"column":null}},"5":{"start":{"line":11,"column":13},"end":{"line":11,"column":28}},"6":{"start":{"line":11,"column":13},"end":{"line":11,"column":null}}},"fnMap":{},"branchMap":{},"s":{"0":0,"1":0,"2":0,"3":0,"4":0,"5":0,"6":0},"f":{},"b":{}}
,"/workspace/src/infrastructure/websocket/websocket.service.ts": {"path":"/workspace/src/infrastructure/websocket/websocket.service.ts","statementMap":{"0":{"start":{"line":1,"column":0},"end":{"line":1,"column":44}},"1":{"start":{"line":2,"column":0},"end":{"line":2,"column":59}},"2":{"start":{"line":5,"column":7},"end":{"line":85,"column":null}},"3":{"start":{"line":6,"column":31},"end":{"line":6,"column":49}},"4":{"start":{"line":12,"column":4},"end":{"line":12,"column":54}},"5":{"start":{"line":19,"column":4},"end":{"line":19,"column":61}},"6":{"start":{"line":26,"column":4},"end":{"line":26,"column":40}},"7":{"start":{"line":33,"column":19},"end":{"line":33,"column":35}},"8":{"start":{"line":34,"column":4},"end":{"line":34,"column":27}},"9":{"start":{"line":34,"column":17},"end":{"line":34,"column":27}},"10":{"start":{"line":36,"column":4},"end":{"line":36,"column":53}},"11":{"start":{"line":43,"column":19},"end":{"line":43,"column":35}},"12":{"start":{"line":44,"column":4},"end":{"line":44,"column":27}},"13":{"start":{"line":44,"column":17},"end":{"line":44,"column":27}},"14":{"start":{"line":46,"column":24},"end":{"line":46,"column":62}},"15":{"start":{"line":47,"column":4},"end":{"line":47,"column":54}},"16":{"start":{"line":54,"column":4},"end":{"line":54,"column":58}},"17":{"start":{"line":61,"column":19},"end":{"line":61,"column":35}},"18":{"start":{"line":62,"column":4},"end":{"line":62,"column":24}},"19":{"start":{"line":62,"column":17},"end":{"line":62,"column":24}},"20":{"start":{"line":64,"column":19},"end":{"line":64,"column":55}},"21":{"start":{"line":65,"column":4},"end":{"line":67,"column":5}},"22":{"start":{"line":66,"column":6},"end":{"line":66,"column":26}},"23":{"start":{"line":74,"column":19},"end":{"line":74,"column":35}},"24":{"start":{"line":75,"column":4},"end":{"line":75,"column":24}},"25":{"start":{"line":75,"column":17},"end":{"line":75,"column":24}},"26":{"start":{"line":77,"column":19},"end":{"line":77,"column":55}},"27":{"start":{"line":78,"column":4},"end":{"line":83,"column":5}},"28":{"start":{"line":79,"column":6},"end":{"line":82,"column":9}},"29":{"start":{"line":5,"column":13},"end":{"line":5,"column":29}},"30":{"start":{"line":5,"column":13},"end":{"line":85,"column":null}}},"fnMap":{"0":{"name":"(anonymous_2)","decl":{"start":{"line":6,"column":2},"end":{"line":6,"column":31}},"loc":{"start":{"line":6,"column":69},"end":{"line":6,"column":73}}},"1":{"name":"(anonymous_3)","decl":{"start":{"line":11,"column":2},"end":{"line":11,"column":16}},"loc":{"start":{"line":11,"column":41},"end":{"line":13,"column":3}}},"2":{"name":"(anonymous_4)","decl":{"start":{"line":18,"column":2},"end":{"line":18,"column":17}},"loc":{"start":{"line":18,"column":56},"end":{"line":20,"column":3}}},"3":{"name":"(anonymous_5)","decl":{"start":{"line":25,"column":2},"end":{"line":25,"column":11}},"loc":{"start":{"line":25,"column":11},"end":{"line":27,"column":3}}},"4":{"name":"(anonymous_6)","decl":{"start":{"line":32,"column":2},"end":{"line":32,"column":21}},"loc":{"start":{"line":32,"column":21},"end":{"line":37,"column":3}}},"5":{"name":"(anonymous_7)","decl":{"start":{"line":42,"column":2},"end":{"line":42,"column":18}},"loc":{"start":{"line":42,"column":31},"end":{"line":48,"column":3}}},"6":{"name":"(anonymous_8)","decl":{"start":{"line":53,"column":2},"end":{"line":53,"column":16}},"loc":{"start":{"line":53,"column":47},"end":{"line":55,"column":3}}},"7":{"name":"(anonymous_9)","decl":{"start":{"line":60,"column":2},"end":{"line":60,"column":18}},"loc":{"start":{"line":60,"column":35},"end":{"line":68,"column":3}}},"8":{"name":"(anonymous_10)","decl":{"start":{"line":73,"column":2},"end":{"line":73,"column":14}},"loc":{"start":{"line":73,"column":57},"end":{"line":84,"column":3}}}},"branchMap":{"0":{"loc":{"start":{"line":34,"column":4},"end":{"line":34,"column":27}},"type":"if","locations":[{"start":{"line":34,"column":4},"end":{"line":34,"column":27}}]},"1":{"loc":{"start":{"line":44,"column":4},"end":{"line":44,"column":27}},"type":"if","locations":[{"start":{"line":44,"column":4},"end":{"line":44,"column":27}}]},"2":{"loc":{"start":{"line":47,"column":11},"end":{"line":47,"column":53}},"type":"cond-expr","locations":[{"start":{"line":47,"column":25},"end":{"line":47,"column":48}},{"start":{"line":47,"column":51},"end":{"line":47,"column":53}}]},"3":{"loc":{"start":{"line":62,"column":4},"end":{"line":62,"column":24}},"type":"if","locations":[{"start":{"line":62,"column":4},"end":{"line":62,"column":24}}]},"4":{"loc":{"start":{"line":65,"column":4},"end":{"line":67,"column":5}},"type":"if","locations":[{"start":{"line":65,"column":4},"end":{"line":67,"column":5}}]},"5":{"loc":{"start":{"line":75,"column":4},"end":{"line":75,"column":24}},"type":"if","locations":[{"start":{"line":75,"column":4},"end":{"line":75,"column":24}}]},"6":{"loc":{"start":{"line":78,"column":4},"end":{"line":83,"column":5}},"type":"if","locations":[{"start":{"line":78,"column":4},"end":{"line":83,"column":5}}]}},"s":{"0":0,"1":0,"2":0,"3":0,"4":0,"5":0,"6":0,"7":0,"8":0,"9":0,"10":0,"11":0,"12":0,"13":0,"14":0,"15":0,"16":0,"17":0,"18":0,"19":0,"20":0,"21":0,"22":0,"23":0,"24":0,"25":0,"26":0,"27":0,"28":0,"29":0,"30":0},"f":{"0":0,"1":0,"2":0,"3":0,"4":0,"5":0,"6":0,"7":0,"8":0},"b":{"0":[0],"1":[0],"2":[0,0],"3":[0],"4":[0],"5":[0],"6":[0]}}
,"/workspace/src/modules/_template_/template.module.ts": {"path":"/workspace/src/modules/_template_/template.module.ts","statementMap":{"0":{"start":{"line":1,"column":0},"end":{"line":1,"column":40}},"1":{"start":{"line":2,"column":0},"end":{"line":2,"column":42}},"2":{"start":{"line":3,"column":0},"end":{"line":3,"column":80}},"3":{"start":{"line":4,"column":0},"end":{"line":4,"column":82}},"4":{"start":{"line":5,"column":0},"end":{"line":5,"column":62}},"5":{"start":{"line":16,"column":7},"end":{"line":16,"column":null}},"6":{"start":{"line":16,"column":13},"end":{"line":16,"column":27}},"7":{"start":{"line":16,"column":13},"end":{"line":16,"column":null}}},"fnMap":{},"branchMap":{},"s":{"0":0,"1":0,"2":0,"3":0,"4":0,"5":0,"6":0,"7":0},"f":{},"b":{}}
,"/workspace/src/modules/_template_/commands/create-template.command.ts": {"path":"/workspace/src/modules/_template_/commands/create-template.command.ts","statementMap":{"0":{"start":{"line":5,"column":20},"end":{"line":5,"column":56}},"1":{"start":{"line":6,"column":20},"end":{"line":6,"column":36}},"2":{"start":{"line":7,"column":20},"end":{"line":7,"column":34}},"3":{"start":{"line":3,"column":0},"end":{"line":3,"column":13}}},"fnMap":{"0":{"name":"(anonymous_0)","decl":{"start":{"line":4,"column":2},"end":{"line":4,"column":null}},"loc":{"start":{"line":7,"column":34},"end":{"line":8,"column":6}}}},"branchMap":{},"s":{"0":0,"1":0,"2":0,"3":0},"f":{"0":0},"b":{}}
,"/workspace/src/modules/_template_/dto/create-template.dto.ts": {"path":"/workspace/src/modules/_template_/dto/create-template.dto.ts","statementMap":{"0":{"start":{"line":1,"column":0},"end":{"line":1,"column":67}},"1":{"start":{"line":2,"column":0},"end":{"line":2,"column":null}},"2":{"start":{"line":9,"column":0},"end":{"line":9,"column":13}},"3":{"start":{"line":16,"column":2},"end":{"line":16,"column":null}},"4":{"start":{"line":24,"column":2},"end":{"line":24,"column":null}},"5":{"start":{"line":34,"column":2},"end":{"line":34,"column":null}}},"fnMap":{},"branchMap":{},"s":{"0":0,"1":0,"2":0,"3":0,"4":0,"5":0},"f":{},"b":{}}
,"/workspace/src/modules/_template_/dto/template-response.dto.ts": {"path":"/workspace/src/modules/_template_/dto/template-response.dto.ts","statementMap":{"0":{"start":{"line":1,"column":0},"end":{"line":1,"column":46}},"1":{"start":{"line":3,"column":0},"end":{"line":3,"column":13}},"2":{"start":{"line":8,"column":2},"end":{"line":8,"column":null}},"3":{"start":{"line":14,"column":2},"end":{"line":14,"column":null}},"4":{"start":{"line":21,"column":2},"end":{"line":21,"column":null}},"5":{"start":{"line":28,"column":2},"end":{"line":28,"column":null}},"6":{"start":{"line":34,"column":2},"end":{"line":34,"column":null}},"7":{"start":{"line":40,"column":2},"end":{"line":40,"column":null}},"8":{"start":{"line":46,"column":2},"end":{"line":46,"column":null}},"9":{"start":{"line":52,"column":2},"end":{"line":52,"column":null}},"10":{"start":{"line":55,"column":0},"end":{"line":55,"column":13}},"11":{"start":{"line":60,"column":2},"end":{"line":60,"column":null}},"12":{"start":{"line":66,"column":2},"end":{"line":66,"column":null}},"13":{"start":{"line":72,"column":2},"end":{"line":72,"column":null}},"14":{"start":{"line":78,"column":2},"end":{"line":78,"column":null}},"15":{"start":{"line":84,"column":2},"end":{"line":84,"column":null}}},"fnMap":{},"branchMap":{},"s":{"0":0,"1":0,"2":0,"3":0,"4":0,"5":0,"6":0,"7":0,"8":0,"9":0,"10":0,"11":0,"12":0,"13":0,"14":0,"15":0},"f":{},"b":{}}
,"/workspace/src/modules/_template_/dto/update-template.dto.ts": {"path":"/workspace/src/modules/_template_/dto/update-template.dto.ts","statementMap":{"0":{"start":{"line":1,"column":0},"end":{"line":1,"column":67}},"1":{"start":{"line":2,"column":0},"end":{"line":2,"column":75}},"2":{"start":{"line":3,"column":0},"end":{"line":3,"column":58}},"3":{"start":{"line":5,"column":0},"end":{"line":5,"column":13}},"4":{"start":{"line":12,"column":2},"end":{"line":12,"column":null}},"5":{"start":{"line":20,"column":2},"end":{"line":20,"column":null}},"6":{"start":{"line":30,"column":2},"end":{"line":30,"column":null}},"7":{"start":{"line":38,"column":2},"end":{"line":38,"column":null}}},"fnMap":{},"branchMap":{},"s":{"0":0,"1":0,"2":0,"3":0,"4":0,"5":0,"6":0,"7":0},"f":{},"b":{}}
,"/workspace/src/modules/products/products.module.ts": {"path":"/workspace/src/modules/products/products.module.ts","statementMap":{"0":{"start":{"line":1,"column":0},"end":{"line":1,"column":40}},"1":{"start":{"line":2,"column":0},"end":{"line":2,"column":42}},"2":{"start":{"line":3,"column":0},"end":{"line":3,"column":80}},"3":{"start":{"line":4,"column":0},"end":{"line":4,"column":82}},"4":{"start":{"line":5,"column":0},"end":{"line":5,"column":62}},"5":{"start":{"line":16,"column":7},"end":{"line":16,"column":null}},"6":{"start":{"line":16,"column":13},"end":{"line":16,"column":27}},"7":{"start":{"line":16,"column":13},"end":{"line":16,"column":null}}},"fnMap":{},"branchMap":{},"s":{"0":0,"1":0,"2":0,"3":0,"4":0,"5":0,"6":0,"7":0},"f":{},"b":{}}
,"/workspace/src/modules/products/commands/create-products.command.ts": {"path":"/workspace/src/modules/products/commands/create-products.command.ts","statementMap":{"0":{"start":{"line":5,"column":20},"end":{"line":5,"column":56}},"1":{"start":{"line":6,"column":20},"end":{"line":6,"column":36}},"2":{"start":{"line":7,"column":20},"end":{"line":7,"column":34}},"3":{"start":{"line":3,"column":0},"end":{"line":3,"column":13}}},"fnMap":{"0":{"name":"(anonymous_0)","decl":{"start":{"line":4,"column":2},"end":{"line":4,"column":null}},"loc":{"start":{"line":7,"column":34},"end":{"line":8,"column":6}}}},"branchMap":{},"s":{"0":0,"1":0,"2":0,"3":0},"f":{"0":0},"b":{}}
,"/workspace/src/modules/products/dto/create-products.dto.ts": {"path":"/workspace/src/modules/products/dto/create-products.dto.ts","statementMap":{"0":{"start":{"line":1,"column":0},"end":{"line":1,"column":46}},"1":{"start":{"line":2,"column":0},"end":{"line":2,"column":null}},"2":{"start":{"line":10,"column":0},"end":{"line":10,"column":13}},"3":{"start":{"line":17,"column":2},"end":{"line":17,"column":null}},"4":{"start":{"line":26,"column":2},"end":{"line":26,"column":null}},"5":{"start":{"line":37,"column":2},"end":{"line":37,"column":null}}},"fnMap":{},"branchMap":{},"s":{"0":0,"1":0,"2":0,"3":0,"4":0,"5":0},"f":{},"b":{}}
,"/workspace/src/modules/products/dto/products-response.dto.ts": {"path":"/workspace/src/modules/products/dto/products-response.dto.ts","statementMap":{"0":{"start":{"line":1,"column":0},"end":{"line":1,"column":46}},"1":{"start":{"line":3,"column":0},"end":{"line":3,"column":13}},"2":{"start":{"line":8,"column":2},"end":{"line":8,"column":null}},"3":{"start":{"line":14,"column":2},"end":{"line":14,"column":null}},"4":{"start":{"line":21,"column":2},"end":{"line":21,"column":null}},"5":{"start":{"line":28,"column":2},"end":{"line":28,"column":null}},"6":{"start":{"line":34,"column":2},"end":{"line":34,"column":null}},"7":{"start":{"line":40,"column":2},"end":{"line":40,"column":null}},"8":{"start":{"line":46,"column":2},"end":{"line":46,"column":null}},"9":{"start":{"line":52,"column":2},"end":{"line":52,"column":null}},"10":{"start":{"line":55,"column":0},"end":{"line":55,"column":13}},"11":{"start":{"line":60,"column":2},"end":{"line":60,"column":null}},"12":{"start":{"line":66,"column":2},"end":{"line":66,"column":null}},"13":{"start":{"line":72,"column":2},"end":{"line":72,"column":null}},"14":{"start":{"line":78,"column":2},"end":{"line":78,"column":null}},"15":{"start":{"line":84,"column":2},"end":{"line":84,"column":null}}},"fnMap":{},"branchMap":{},"s":{"0":0,"1":0,"2":0,"3":0,"4":0,"5":0,"6":0,"7":0,"8":0,"9":0,"10":0,"11":0,"12":0,"13":0,"14":0,"15":0},"f":{},"b":{}}
,"/workspace/src/modules/products/dto/update-products.dto.ts": {"path":"/workspace/src/modules/products/dto/update-products.dto.ts","statementMap":{"0":{"start":{"line":1,"column":0},"end":{"line":1,"column":67}},"1":{"start":{"line":2,"column":0},"end":{"line":2,"column":75}},"2":{"start":{"line":3,"column":0},"end":{"line":3,"column":58}},"3":{"start":{"line":5,"column":0},"end":{"line":5,"column":13}},"4":{"start":{"line":12,"column":2},"end":{"line":12,"column":null}},"5":{"start":{"line":20,"column":2},"end":{"line":20,"column":null}},"6":{"start":{"line":30,"column":2},"end":{"line":30,"column":null}},"7":{"start":{"line":38,"column":2},"end":{"line":38,"column":null}}},"fnMap":{},"branchMap":{},"s":{"0":0,"1":0,"2":0,"3":0,"4":0,"5":0,"6":0,"7":0},"f":{},"b":{}}
,"/workspace/src/modules/users/users.module.ts": {"path":"/workspace/src/modules/users/users.module.ts","statementMap":{"0":{"start":{"line":1,"column":0},"end":{"line":1,"column":40}},"1":{"start":{"line":2,"column":0},"end":{"line":2,"column":42}},"2":{"start":{"line":3,"column":0},"end":{"line":3,"column":78}},"3":{"start":{"line":4,"column":0},"end":{"line":4,"column":79}},"4":{"start":{"line":5,"column":0},"end":{"line":5,"column":73}},"5":{"start":{"line":6,"column":0},"end":{"line":6,"column":92}},"6":{"start":{"line":7,"column":0},"end":{"line":7,"column":72}},"7":{"start":{"line":8,"column":0},"end":{"line":8,"column":91}},"8":{"start":{"line":9,"column":0},"end":{"line":9,"column":82}},"9":{"start":{"line":25,"column":7},"end":{"line":25,"column":null}},"10":{"start":{"line":25,"column":13},"end":{"line":25,"column":24}},"11":{"start":{"line":25,"column":13},"end":{"line":25,"column":null}}},"fnMap":{},"branchMap":{},"s":{"0":0,"1":0,"2":0,"3":0,"4":0,"5":0,"6":0,"7":0,"8":0,"9":0,"10":0,"11":0},"f":{},"b":{}}
,"/workspace/src/modules/users/application/commands/create-user.command.ts": {"path":"/workspace/src/modules/users/application/commands/create-user.command.ts","statementMap":{"0":{"start":{"line":3,"column":30},"end":{"line":3,"column":49}},"1":{"start":{"line":2,"column":0},"end":{"line":2,"column":13}}},"fnMap":{"0":{"name":"(anonymous_0)","decl":{"start":{"line":3,"column":2},"end":{"line":3,"column":30}},"loc":{"start":{"line":3,"column":49},"end":{"line":3,"column":53}}}},"branchMap":{},"s":{"0":5,"1":2},"f":{"0":5},"b":{}}
,"/workspace/src/modules/users/application/handlers/create-user.handler.ts": {"path":"/workspace/src/modules/users/application/handlers/create-user.handler.ts","statementMap":{"0":{"start":{"line":1,"column":0},"end":{"line":1,"column":63}},"1":{"start":{"line":2,"column":0},"end":{"line":2,"column":40}},"2":{"start":{"line":3,"column":0},"end":{"line":3,"column":36}},"3":{"start":{"line":4,"column":0},"end":{"line":4,"column":68}},"4":{"start":{"line":5,"column":0},"end":{"line":5,"column":92}},"5":{"start":{"line":6,"column":0},"end":{"line":6,"column":57}},"6":{"start":{"line":7,"column":0},"end":{"line":7,"column":87}},"7":{"start":{"line":8,"column":0},"end":{"line":8,"column":35}},"8":{"start":{"line":11,"column":7},"end":{"line":24,"column":null}},"9":{"start":{"line":13,"column":37},"end":{"line":13,"column":57}},"10":{"start":{"line":14,"column":12},"end":{"line":14,"column":22}},"11":{"start":{"line":18,"column":17},"end":{"line":18,"column":57}},"12":{"start":{"line":19,"column":17},"end":{"line":19,"column":64}},"13":{"start":{"line":20,"column":4},"end":{"line":20,"column":31}},"14":{"start":{"line":21,"column":4},"end":{"line":21,"column":49}},"15":{"start":{"line":22,"column":4},"end":{"line":22,"column":46}},"16":{"start":{"line":11,"column":13},"end":{"line":11,"column":30}},"17":{"start":{"line":11,"column":13},"end":{"line":24,"column":null}}},"fnMap":{"0":{"name":"(anonymous_4)","decl":{"start":{"line":12,"column":2},"end":{"line":12,"column":null}},"loc":{"start":{"line":14,"column":39},"end":{"line":15,"column":6}}},"1":{"name":"(anonymous_5)","decl":{"start":{"line":17,"column":2},"end":{"line":17,"column":7}},"loc":{"start":{"line":17,"column":38},"end":{"line":23,"column":3}}}},"branchMap":{},"s":{"0":1,"1":1,"2":1,"3":1,"4":1,"5":1,"6":1,"7":1,"8":1,"9":3,"10":3,"11":3,"12":3,"13":3,"14":2,"15":1,"16":1,"17":1},"f":{"0":3,"1":3},"b":{}}
,"/workspace/src/modules/users/application/handlers/get-user.handler.ts": {"path":"/workspace/src/modules/users/application/handlers/get-user.handler.ts","statementMap":{"0":{"start":{"line":1,"column":0},"end":{"line":1,"column":59}},"1":{"start":{"line":2,"column":0},"end":{"line":2,"column":40}},"2":{"start":{"line":3,"column":0},"end":{"line":3,"column":57}},"3":{"start":{"line":4,"column":0},"end":{"line":4,"column":92}},"4":{"start":{"line":7,"column":7},"end":{"line":12,"column":null}},"5":{"start":{"line":8,"column":47},"end":{"line":8,"column":67}},"6":{"start":{"line":10,"column":4},"end":{"line":10,"column":36}},"7":{"start":{"line":7,"column":13},"end":{"line":7,"column":27}},"8":{"start":{"line":7,"column":13},"end":{"line":12,"column":null}}},"fnMap":{"0":{"name":"(anonymous_4)","decl":{"start":{"line":8,"column":2},"end":{"line":8,"column":15}},"loc":{"start":{"line":8,"column":67},"end":{"line":8,"column":71}}},"1":{"name":"(anonymous_5)","decl":{"start":{"line":9,"column":2},"end":{"line":9,"column":7}},"loc":{"start":{"line":9,"column":31},"end":{"line":11,"column":3}}}},"branchMap":{},"s":{"0":0,"1":0,"2":0,"3":0,"4":0,"5":0,"6":0,"7":0,"8":0},"f":{"0":0,"1":0},"b":{}}
,"/workspace/src/modules/users/application/queries/get-user.query.ts": {"path":"/workspace/src/modules/users/application/queries/get-user.query.ts","statementMap":{"0":{"start":{"line":2,"column":30},"end":{"line":2,"column":40}},"1":{"start":{"line":1,"column":0},"end":{"line":1,"column":13}}},"fnMap":{"0":{"name":"(anonymous_0)","decl":{"start":{"line":2,"column":2},"end":{"line":2,"column":30}},"loc":{"start":{"line":2,"column":40},"end":{"line":2,"column":44}}}},"branchMap":{},"s":{"0":2,"1":1},"f":{"0":2},"b":{}}
,"/workspace/src/modules/users/domain/entities/user.entity.ts": {"path":"/workspace/src/modules/users/domain/entities/user.entity.ts","statementMap":{"0":{"start":{"line":3,"column":20},"end":{"line":3,"column":30}},"1":{"start":{"line":4,"column":11},"end":{"line":4,"column":24}},"2":{"start":{"line":5,"column":12},"end":{"line":5,"column":32}},"3":{"start":{"line":10,"column":4},"end":{"line":10,"column":37}},"4":{"start":{"line":1,"column":0},"end":{"line":1,"column":13}}},"fnMap":{"0":{"name":"(anonymous_0)","decl":{"start":{"line":2,"column":2},"end":{"line":2,"column":null}},"loc":{"start":{"line":5,"column":32},"end":{"line":6,"column":6}}},"1":{"name":"(anonymous_1)","decl":{"start":{"line":8,"column":2},"end":{"line":8,"column":8}},"loc":{"start":{"line":8,"column":55},"end":{"line":11,"column":3}}}},"branchMap":{},"s":{"0":3,"1":3,"2":3,"3":3,"4":1},"f":{"0":3,"1":3},"b":{}}
,"/workspace/src/modules/users/domain/repositories/user.repository.ts": {"path":"/workspace/src/modules/users/domain/repositories/user.repository.ts","statementMap":{"0":{"start":{"line":3,"column":13},"end":{"line":3,"column":57}}},"fnMap":{},"branchMap":{},"s":{"0":1},"f":{},"b":{}}
,"/workspace/src/modules/users/domain/value-objects/email.vo.ts": {"path":"/workspace/src/modules/users/domain/value-objects/email.vo.ts","statementMap":{"0":{"start":{"line":2,"column":38},"end":{"line":2,"column":51}},"1":{"start":{"line":4,"column":4},"end":{"line":5,"column":39}},"2":{"start":{"line":5,"column":6},"end":{"line":5,"column":39}},"3":{"start":{"line":6,"column":4},"end":{"line":6,"column":40}},"4":{"start":{"line":1,"column":0},"end":{"line":1,"column":13}}},"fnMap":{"0":{"name":"(anonymous_0)","decl":{"start":{"line":2,"column":2},"end":{"line":2,"column":38}},"loc":{"start":{"line":2,"column":51},"end":{"line":2,"column":55}}},"1":{"name":"(anonymous_1)","decl":{"start":{"line":3,"column":2},"end":{"line":3,"column":8}},"loc":{"start":{"line":3,"column":23},"end":{"line":7,"column":3}}}},"branchMap":{"0":{"loc":{"start":{"line":4,"column":4},"end":{"line":5,"column":39}},"type":"if","locations":[{"start":{"line":4,"column":4},"end":{"line":5,"column":39}}]}},"s":{"0":0,"1":0,"2":0,"3":0,"4":0},"f":{"0":0,"1":0},"b":{"0":[0]}}
,"/workspace/src/modules/users/dto/create-user.dto.ts": {"path":"/workspace/src/modules/users/dto/create-user.dto.ts","statementMap":{"0":{"start":{"line":1,"column":0},"end":{"line":1,"column":46}},"1":{"start":{"line":2,"column":0},"end":{"line":2,"column":null}},"2":{"start":{"line":12,"column":0},"end":{"line":12,"column":13}},"3":{"start":{"line":20,"column":2},"end":{"line":20,"column":null}},"4":{"start":{"line":30,"column":2},"end":{"line":30,"column":null}},"5":{"start":{"line":39,"column":2},"end":{"line":39,"column":null}},"6":{"start":{"line":48,"column":2},"end":{"line":48,"column":null}},"7":{"start":{"line":61,"column":2},"end":{"line":61,"column":null}}},"fnMap":{},"branchMap":{},"s":{"0":1,"1":1,"2":1,"3":1,"4":1,"5":1,"6":1,"7":1},"f":{},"b":{}}
,"/workspace/src/modules/users/dto/update-user.dto.ts": {"path":"/workspace/src/modules/users/dto/update-user.dto.ts","statementMap":{"0":{"start":{"line":1,"column":0},"end":{"line":1,"column":67}},"1":{"start":{"line":2,"column":0},"end":{"line":2,"column":null}},"2":{"start":{"line":10,"column":0},"end":{"line":10,"column":50}},"3":{"start":{"line":12,"column":0},"end":{"line":12,"column":13}},"4":{"start":{"line":20,"column":2},"end":{"line":20,"column":null}},"5":{"start":{"line":28,"column":2},"end":{"line":28,"column":null}},"6":{"start":{"line":36,"column":2},"end":{"line":36,"column":null}},"7":{"start":{"line":47,"column":2},"end":{"line":47,"column":null}},"8":{"start":{"line":55,"column":2},"end":{"line":55,"column":null}}},"fnMap":{},"branchMap":{},"s":{"0":0,"1":0,"2":0,"3":0,"4":0,"5":0,"6":0,"7":0,"8":0},"f":{},"b":{}}
,"/workspace/src/modules/users/dto/user-response.dto.ts": {"path":"/workspace/src/modules/users/dto/user-response.dto.ts","statementMap":{"0":{"start":{"line":1,"column":0},"end":{"line":1,"column":46}},"1":{"start":{"line":3,"column":0},"end":{"line":3,"column":13}},"2":{"start":{"line":8,"column":2},"end":{"line":8,"column":null}},"3":{"start":{"line":14,"column":2},"end":{"line":14,"column":null}},"4":{"start":{"line":21,"column":2},"end":{"line":21,"column":null}},"5":{"start":{"line":28,"column":2},"end":{"line":28,"column":null}},"6":{"start":{"line":35,"column":2},"end":{"line":35,"column":null}},"7":{"start":{"line":41,"column":2},"end":{"line":41,"column":null}},"8":{"start":{"line":47,"column":2},"end":{"line":47,"column":null}},"9":{"start":{"line":53,"column":2},"end":{"line":53,"column":null}},"10":{"start":{"line":59,"column":2},"end":{"line":59,"column":null}},"11":{"start":{"line":62,"column":0},"end":{"line":62,"column":13}},"12":{"start":{"line":67,"column":2},"end":{"line":67,"column":null}},"13":{"start":{"line":73,"column":2},"end":{"line":73,"column":null}},"14":{"start":{"line":79,"column":2},"end":{"line":79,"column":null}},"15":{"start":{"line":85,"column":2},"end":{"line":85,"column":null}},"16":{"start":{"line":91,"column":2},"end":{"line":91,"column":null}}},"fnMap":{},"branchMap":{},"s":{"0":0,"1":0,"2":0,"3":0,"4":0,"5":0,"6":0,"7":0,"8":0,"9":0,"10":0,"11":0,"12":0,"13":0,"14":0,"15":0,"16":0},"f":{},"b":{}}
,"/workspace/src/modules/users/infrastructure/messaging/user.kafka-producer.ts": {"path":"/workspace/src/modules/users/infrastructure/messaging/user.kafka-producer.ts","statementMap":{"0":{"start":{"line":1,"column":0},"end":{"line":1,"column":52}},"1":{"start":{"line":2,"column":0},"end":{"line":2,"column":52}},"2":{"start":{"line":6,"column":7},"end":{"line":14,"column":null}},"3":{"start":{"line":7,"column":39},"end":{"line":7,"column":46}},"4":{"start":{"line":9,"column":4},"end":{"line":12,"column":7}},"5":{"start":{"line":6,"column":13},"end":{"line":6,"column":30}},"6":{"start":{"line":6,"column":13},"end":{"line":14,"column":null}}},"fnMap":{"0":{"name":"(anonymous_4)","decl":{"start":{"line":7,"column":2},"end":{"line":7,"column":15}},"loc":{"start":{"line":7,"column":57},"end":{"line":7,"column":61}}},"1":{"name":"(anonymous_5)","decl":{"start":{"line":8,"column":2},"end":{"line":8,"column":7}},"loc":{"start":{"line":8,"column":37},"end":{"line":13,"column":3}}}},"branchMap":{},"s":{"0":1,"1":1,"2":1,"3":0,"4":0,"5":1,"6":1},"f":{"0":0,"1":0},"b":{}}
,"/workspace/src/modules/users/infrastructure/repositories/prisma-user.repository.ts": {"path":"/workspace/src/modules/users/infrastructure/repositories/prisma-user.repository.ts","statementMap":{"0":{"start":{"line":1,"column":0},"end":{"line":1,"column":44}},"1":{"start":{"line":2,"column":0},"end":{"line":2,"column":83}},"2":{"start":{"line":4,"column":0},"end":{"line":4,"column":57}},"3":{"start":{"line":7,"column":7},"end":{"line":45,"column":null}},"4":{"start":{"line":8,"column":22},"end":{"line":8,"column":30}},"5":{"start":{"line":11,"column":16},"end":{"line":14,"column":6}},"6":{"start":{"line":15,"column":4},"end":{"line":15,"column":73}},"7":{"start":{"line":21,"column":16},"end":{"line":24,"column":6}},"8":{"start":{"line":25,"column":4},"end":{"line":25,"column":73}},"9":{"start":{"line":31,"column":4},"end":{"line":43,"column":7}},"10":{"start":{"line":7,"column":13},"end":{"line":7,"column":33}},"11":{"start":{"line":7,"column":13},"end":{"line":45,"column":null}}},"fnMap":{"0":{"name":"(anonymous_2)","decl":{"start":{"line":8,"column":2},"end":{"line":8,"column":22}},"loc":{"start":{"line":8,"column":43},"end":{"line":8,"column":47}}},"1":{"name":"(anonymous_3)","decl":{"start":{"line":10,"column":2},"end":{"line":10,"column":7}},"loc":{"start":{"line":10,"column":27},"end":{"line":16,"column":3}}},"2":{"name":"(anonymous_4)","decl":{"start":{"line":18,"column":2},"end":{"line":18,"column":7}},"loc":{"start":{"line":18,"column":33},"end":{"line":26,"column":3}}},"3":{"name":"(anonymous_5)","decl":{"start":{"line":28,"column":2},"end":{"line":28,"column":7}},"loc":{"start":{"line":28,"column":23},"end":{"line":44,"column":3}}}},"branchMap":{"0":{"loc":{"start":{"line":15,"column":11},"end":{"line":15,"column":72}},"type":"cond-expr","locations":[{"start":{"line":15,"column":17},"end":{"line":15,"column":65}},{"start":{"line":15,"column":68},"end":{"line":15,"column":72}}]},"1":{"loc":{"start":{"line":25,"column":11},"end":{"line":25,"column":72}},"type":"cond-expr","locations":[{"start":{"line":25,"column":17},"end":{"line":25,"column":65}},{"start":{"line":25,"column":68},"end":{"line":25,"column":72}}]}},"s":{"0":0,"1":0,"2":0,"3":0,"4":0,"5":0,"6":0,"7":0,"8":0,"9":0,"10":0,"11":0},"f":{"0":0,"1":0,"2":0,"3":0},"b":{"0":[0,0],"1":[0,0]}}
,"/workspace/src/modules/users/presentation/controllers/users.controller.ts": {"path":"/workspace/src/modules/users/presentation/controllers/users.controller.ts","statementMap":{"0":{"start":{"line":1,"column":0},"end":{"line":1,"column":68}},"1":{"start":{"line":2,"column":0},"end":{"line":2,"column":52}},"2":{"start":{"line":3,"column":0},"end":{"line":3,"column":83}},"3":{"start":{"line":4,"column":0},"end":{"line":4,"column":58}},"4":{"start":{"line":5,"column":0},"end":{"line":5,"column":72}},"5":{"start":{"line":8,"column":7},"end":{"line":23,"column":null}},"6":{"start":{"line":10,"column":12},"end":{"line":10,"column":17}},"7":{"start":{"line":11,"column":12},"end":{"line":11,"column":17}},"8":{"start":{"line":16,"column":4},"end":{"line":16,"column":57}},"9":{"start":{"line":21,"column":4},"end":{"line":21,"column":50}},"10":{"start":{"line":8,"column":13},"end":{"line":8,"column":28}},"11":{"start":{"line":15,"column":2},"end":{"line":17,"column":null}},"12":{"start":{"line":20,"column":2},"end":{"line":22,"column":null}},"13":{"start":{"line":8,"column":13},"end":{"line":23,"column":null}}},"fnMap":{"0":{"name":"(anonymous_4)","decl":{"start":{"line":9,"column":2},"end":{"line":9,"column":null}},"loc":{"start":{"line":11,"column":25},"end":{"line":12,"column":6}}},"1":{"name":"(anonymous_5)","decl":{"start":{"line":15,"column":2},"end":{"line":15,"column":8}},"loc":{"start":{"line":15,"column":36},"end":{"line":17,"column":3}}},"2":{"name":"(anonymous_6)","decl":{"start":{"line":20,"column":2},"end":{"line":20,"column":9}},"loc":{"start":{"line":20,"column":33},"end":{"line":22,"column":3}}}},"branchMap":{},"s":{"0":1,"1":1,"2":1,"3":1,"4":1,"5":1,"6":4,"7":4,"8":2,"9":2,"10":1,"11":1,"12":1,"13":1},"f":{"0":4,"1":2,"2":2},"b":{}}
}
